<?xml version="1.0" encoding="UTF-8"?>
<coverage generated="1659039542373" clover="3.2.0">
  <project timestamp="1659039542374" name="All files">
    <metrics statements="25" coveredstatements="24" conditionals="2" coveredconditionals="2" methods="7" coveredmethods="7" elements="34" coveredelements="33" complexity="0" loc="25" ncloc="25" packages="9" files="14" classes="14"/>
    <package name="src">
      <metrics statements="1" coveredstatements="0" conditionals="0" coveredconditionals="0" methods="0" coveredmethods="0"/>
      <file name="index.js" path="C:\Users\Visitante\Documents\dio_files\Módulo IV - Front-end, Desenvolvimento Web com React\Introdução aos React Hooks\naruto-quotes-live\src\index.js">
        <metrics statements="1" coveredstatements="0" conditionals="0" coveredconditionals="0" methods="0" coveredmethods="0"/>
        <line num="6" count="0" type="stmt"/>
      </file>
    </package>
    <package name="src.components">
      <metrics statements="0" coveredstatements="0" conditionals="0" coveredconditionals="0" methods="0" coveredmethods="0"/>
      <file name="index.js" path="C:\Users\Visitante\Documents\dio_files\Módulo IV - Front-end, Desenvolvimento Web com React\Introdução aos React Hooks\naruto-quotes-live\src\components\index.js">
        <metrics statements="0" coveredstatements="0" conditionals="0" coveredconditionals="0" methods="0" coveredmethods="0"/>
      </file>
    </package>
    <package name="src.components.button">
      <metrics statements="1" coveredstatements="1" conditionals="0" coveredconditionals="0" methods="0" coveredmethods="0"/>
      <file name="Button.js" path="C:\Users\Visitante\Documents\dio_files\Módulo IV - Front-end, Desenvolvimento Web com React\Introdução aos React Hooks\naruto-quotes-live\src\components\button\Button.js">
        <metrics statements="1" coveredstatements="1" conditionals="0" coveredconditionals="0" methods="0" coveredmethods="0"/>
        <line num="3" count="3" type="stmt"/>
      </file>
      <file name="index.js" path="C:\Users\Visitante\Documents\dio_files\Módulo IV - Front-end, Desenvolvimento Web com React\Introdução aos React Hooks\naruto-quotes-live\src\components\button\index.js">
        <metrics statements="0" coveredstatements="0" conditionals="0" coveredconditionals="0" methods="0" coveredmethods="0"/>
      </file>
    </package>
    <package name="src.components.globalstyle">
      <metrics statements="1" coveredstatements="1" conditionals="0" coveredconditionals="0" methods="0" coveredmethods="0"/>
      <file name="GlobalStyle.js" path="C:\Users\Visitante\Documents\dio_files\Módulo IV - Front-end, Desenvolvimento Web com React\Introdução aos React Hooks\naruto-quotes-live\src\components\globalstyle\GlobalStyle.js">
        <metrics statements="1" coveredstatements="1" conditionals="0" coveredconditionals="0" methods="0" coveredmethods="0"/>
        <line num="4" count="2" type="stmt"/>
      </file>
      <file name="index.js" path="C:\Users\Visitante\Documents\dio_files\Módulo IV - Front-end, Desenvolvimento Web com React\Introdução aos React Hooks\naruto-quotes-live\src\components\globalstyle\index.js">
        <metrics statements="0" coveredstatements="0" conditionals="0" coveredconditionals="0" methods="0" coveredmethods="0"/>
      </file>
    </package>
    <package name="src.components.quotes">
      <metrics statements="6" coveredstatements="6" conditionals="0" coveredconditionals="0" methods="1" coveredmethods="1"/>
      <file name="Quotes.js" path="C:\Users\Visitante\Documents\dio_files\Módulo IV - Front-end, Desenvolvimento Web com React\Introdução aos React Hooks\naruto-quotes-live\src\components\quotes\Quotes.js">
        <metrics statements="6" coveredstatements="6" conditionals="0" coveredconditionals="0" methods="1" coveredmethods="1"/>
        <line num="5" count="2" type="stmt"/>
        <line num="6" count="7" type="stmt"/>
        <line num="15" count="2" type="stmt"/>
        <line num="21" count="2" type="stmt"/>
        <line num="28" count="2" type="stmt"/>
        <line num="33" count="2" type="stmt"/>
      </file>
      <file name="index.js" path="C:\Users\Visitante\Documents\dio_files\Módulo IV - Front-end, Desenvolvimento Web com React\Introdução aos React Hooks\naruto-quotes-live\src\components\quotes\index.js">
        <metrics statements="0" coveredstatements="0" conditionals="0" coveredconditionals="0" methods="0" coveredmethods="0"/>
      </file>
    </package>
    <package name="src.pages">
      <metrics statements="0" coveredstatements="0" conditionals="0" coveredconditionals="0" methods="0" coveredmethods="0"/>
      <file name="index.js" path="C:\Users\Visitante\Documents\dio_files\Módulo IV - Front-end, Desenvolvimento Web com React\Introdução aos React Hooks\naruto-quotes-live\src\pages\index.js">
        <metrics statements="0" coveredstatements="0" conditionals="0" coveredconditionals="0" methods="0" coveredmethods="0"/>
      </file>
    </package>
    <package name="src.pages.app">
      <metrics statements="15" coveredstatements="15" conditionals="2" coveredconditionals="2" methods="4" coveredmethods="4"/>
      <file name="App.js" path="C:\Users\Visitante\Documents\dio_files\Módulo IV - Front-end, Desenvolvimento Web com React\Introdução aos React Hooks\naruto-quotes-live\src\pages\app\App.js">
        <metrics statements="15" coveredstatements="15" conditionals="2" coveredconditionals="2" methods="4" coveredmethods="4"/>
        <line num="8" count="1" type="stmt"/>
        <line num="12" count="5" type="stmt"/>
        <line num="14" count="5" type="stmt"/>
        <line num="19" count="5" type="stmt"/>
        <line num="20" count="4" type="stmt"/>
        <line num="22" count="4" type="cond" truecount="2" falsecount="0"/>
        <line num="24" count="2" type="stmt"/>
        <line num="26" count="2" type="stmt"/>
        <line num="30" count="5" type="stmt"/>
        <line num="31" count="3" type="stmt"/>
        <line num="33" count="3" type="stmt"/>
        <line num="34" count="3" type="stmt"/>
        <line num="38" count="5" type="stmt"/>
        <line num="51" count="1" type="stmt"/>
        <line num="59" count="1" type="stmt"/>
      </file>
      <file name="index.js" path="C:\Users\Visitante\Documents\dio_files\Módulo IV - Front-end, Desenvolvimento Web com React\Introdução aos React Hooks\naruto-quotes-live\src\pages\app\index.js">
        <metrics statements="0" coveredstatements="0" conditionals="0" coveredconditionals="0" methods="0" coveredmethods="0"/>
      </file>
    </package>
    <package name="src.services">
      <metrics statements="0" coveredstatements="0" conditionals="0" coveredconditionals="0" methods="0" coveredmethods="0"/>
      <file name="index.js" path="C:\Users\Visitante\Documents\dio_files\Módulo IV - Front-end, Desenvolvimento Web com React\Introdução aos React Hooks\naruto-quotes-live\src\services\index.js">
        <metrics statements="0" coveredstatements="0" conditionals="0" coveredconditionals="0" methods="0" coveredmethods="0"/>
      </file>
    </package>
    <package name="src.services.quotesService">
      <metrics statements="1" coveredstatements="1" conditionals="0" coveredconditionals="0" methods="2" coveredmethods="2"/>
      <file name="index.js" path="C:\Users\Visitante\Documents\dio_files\Módulo IV - Front-end, Desenvolvimento Web com React\Introdução aos React Hooks\naruto-quotes-live\src\services\quotesService\index.js">
        <metrics statements="0" coveredstatements="0" conditionals="0" coveredconditionals="0" methods="0" coveredmethods="0"/>
      </file>
      <file name="quotesService.js" path="C:\Users\Visitante\Documents\dio_files\Módulo IV - Front-end, Desenvolvimento Web com React\Introdução aos React Hooks\naruto-quotes-live\src\services\quotesService\quotesService.js">
        <metrics statements="1" coveredstatements="1" conditionals="0" coveredconditionals="0" methods="2" coveredmethods="2"/>
        <line num="1" count="5" type="stmt"/>
      </file>
    </package>
  </project>
</coverage>
