{"C:\\Users\\Visitante\\Documents\\dio_files\\Módulo IV - Front-end, Desenvolvimento Web com React\\Introdução aos React Hooks\\naruto-quotes-live\\src\\index.js": {"path":"C:\\Users\\Visitante\\Documents\\dio_files\\Módulo IV - Front-end, Desenvolvimento Web com React\\Introdução aos React Hooks\\naruto-quotes-live\\src\\index.js","statementMap":{"0":{"start":{"line":6,"column":0},"end":{"line":12,"column":2}}},"fnMap":{},"branchMap":{},"s":{"0":0},"f":{},"b":{}}
,"C:\\Users\\Visitante\\Documents\\dio_files\\Módulo IV - Front-end, Desenvolvimento Web com React\\Introdução aos React Hooks\\naruto-quotes-live\\src\\components\\index.js": {"path":"C:\\Users\\Visitante\\Documents\\dio_files\\Módulo IV - Front-end, Desenvolvimento Web com React\\Introdução aos React Hooks\\naruto-quotes-live\\src\\components\\index.js","statementMap":{},"fnMap":{},"branchMap":{},"s":{},"f":{},"b":{},"_coverageSchema":"1a1c01bbd47fc00a2c39e90264f33305004495a9","hash":"cdd2c0e17034d0995467ce28e3e22d8bcc492f03"}
,"C:\\Users\\Visitante\\Documents\\dio_files\\Módulo IV - Front-end, Desenvolvimento Web com React\\Introdução aos React Hooks\\naruto-quotes-live\\src\\components\\button\\Button.js": {"path":"C:\\Users\\Visitante\\Documents\\dio_files\\Módulo IV - Front-end, Desenvolvimento Web com React\\Introdução aos React Hooks\\naruto-quotes-live\\src\\components\\button\\Button.js","statementMap":{"0":{"start":{"line":3,"column":22},"end":{"line":17,"column":1}}},"fnMap":{},"branchMap":{},"s":{"0":3},"f":{},"b":{},"_coverageSchema":"1a1c01bbd47fc00a2c39e90264f33305004495a9","hash":"e3e92bf91b305f00bfdf8d6376d2f6daaedaa7e6"}
,"C:\\Users\\Visitante\\Documents\\dio_files\\Módulo IV - Front-end, Desenvolvimento Web com React\\Introdução aos React Hooks\\naruto-quotes-live\\src\\components\\button\\index.js": {"path":"C:\\Users\\Visitante\\Documents\\dio_files\\Módulo IV - Front-end, Desenvolvimento Web com React\\Introdução aos React Hooks\\naruto-quotes-live\\src\\components\\button\\index.js","statementMap":{},"fnMap":{},"branchMap":{},"s":{},"f":{},"b":{},"_coverageSchema":"1a1c01bbd47fc00a2c39e90264f33305004495a9","hash":"28b649f2e2979b7d09b33bc39289e831f90477e1"}
,"C:\\Users\\Visitante\\Documents\\dio_files\\Módulo IV - Front-end, Desenvolvimento Web com React\\Introdução aos React Hooks\\naruto-quotes-live\\src\\components\\globalstyle\\GlobalStyle.js": {"path":"C:\\Users\\Visitante\\Documents\\dio_files\\Módulo IV - Front-end, Desenvolvimento Web com React\\Introdução aos React Hooks\\naruto-quotes-live\\src\\components\\globalstyle\\GlobalStyle.js","statementMap":{"0":{"start":{"line":4,"column":27},"end":{"line":13,"column":1}}},"fnMap":{},"branchMap":{},"s":{"0":2},"f":{},"b":{},"_coverageSchema":"1a1c01bbd47fc00a2c39e90264f33305004495a9","hash":"e1ce202f46e599e0e26621152a412b1b99761947"}
,"C:\\Users\\Visitante\\Documents\\dio_files\\Módulo IV - Front-end, Desenvolvimento Web com React\\Introdução aos React Hooks\\naruto-quotes-live\\src\\components\\globalstyle\\index.js": {"path":"C:\\Users\\Visitante\\Documents\\dio_files\\Módulo IV - Front-end, Desenvolvimento Web com React\\Introdução aos React Hooks\\naruto-quotes-live\\src\\components\\globalstyle\\index.js","statementMap":{},"fnMap":{},"branchMap":{},"s":{},"f":{},"b":{},"_coverageSchema":"1a1c01bbd47fc00a2c39e90264f33305004495a9","hash":"1337f38fa1ba88f801a2c6e121049d508333d3a4"}
,"C:\\Users\\Visitante\\Documents\\dio_files\\Módulo IV - Front-end, Desenvolvimento Web com React\\Introdução aos React Hooks\\naruto-quotes-live\\src\\components\\quotes\\Quotes.js": {"path":"C:\\Users\\Visitante\\Documents\\dio_files\\Módulo IV - Front-end, Desenvolvimento Web com React\\Introdução aos React Hooks\\naruto-quotes-live\\src\\components\\quotes\\Quotes.js","statementMap":{"0":{"start":{"line":5,"column":22},"end":{"line":13,"column":1}},"1":{"start":{"line":6,"column":4},"end":{"line":12,"column":6}},"2":{"start":{"line":15,"column":0},"end":{"line":19,"column":2}},"3":{"start":{"line":21,"column":16},"end":{"line":26,"column":1}},"4":{"start":{"line":28,"column":14},"end":{"line":31,"column":1}},"5":{"start":{"line":33,"column":16},"end":{"line":36,"column":1}}},"fnMap":{"0":{"name":"(anonymous_0)","decl":{"start":{"line":5,"column":22},"end":{"line":5,"column":23}},"loc":{"start":{"line":5,"column":56},"end":{"line":13,"column":1}},"line":5}},"branchMap":{},"s":{"0":2,"1":7,"2":2,"3":2,"4":2,"5":2},"f":{"0":7},"b":{},"_coverageSchema":"1a1c01bbd47fc00a2c39e90264f33305004495a9","hash":"f395fb1f591fbcd7e182f6126d738d603c932afc"}
,"C:\\Users\\Visitante\\Documents\\dio_files\\Módulo IV - Front-end, Desenvolvimento Web com React\\Introdução aos React Hooks\\naruto-quotes-live\\src\\components\\quotes\\index.js": {"path":"C:\\Users\\Visitante\\Documents\\dio_files\\Módulo IV - Front-end, Desenvolvimento Web com React\\Introdução aos React Hooks\\naruto-quotes-live\\src\\components\\quotes\\index.js","statementMap":{},"fnMap":{},"branchMap":{},"s":{},"f":{},"b":{},"_coverageSchema":"1a1c01bbd47fc00a2c39e90264f33305004495a9","hash":"663e67a91da8642c91c8952c481ffacd3ae43088"}
,"C:\\Users\\Visitante\\Documents\\dio_files\\Módulo IV - Front-end, Desenvolvimento Web com React\\Introdução aos React Hooks\\naruto-quotes-live\\src\\pages\\index.js": {"path":"C:\\Users\\Visitante\\Documents\\dio_files\\Módulo IV - Front-end, Desenvolvimento Web com React\\Introdução aos React Hooks\\naruto-quotes-live\\src\\pages\\index.js","statementMap":{},"fnMap":{},"branchMap":{},"s":{},"f":{},"b":{}}
,"C:\\Users\\Visitante\\Documents\\dio_files\\Módulo IV - Front-end, Desenvolvimento Web com React\\Introdução aos React Hooks\\naruto-quotes-live\\src\\pages\\app\\App.js": {"path":"C:\\Users\\Visitante\\Documents\\dio_files\\Módulo IV - Front-end, Desenvolvimento Web com React\\Introdução aos React Hooks\\naruto-quotes-live\\src\\pages\\app\\App.js","statementMap":{"0":{"start":{"line":8,"column":14},"end":{"line":8,"column":35}},"1":{"start":{"line":12,"column":22},"end":{"line":12,"column":34}},"2":{"start":{"line":14,"column":40},"end":{"line":17,"column":6}},"3":{"start":{"line":19,"column":21},"end":{"line":28,"column":5}},"4":{"start":{"line":20,"column":22},"end":{"line":20,"column":38}},"5":{"start":{"line":22,"column":8},"end":{"line":27,"column":9}},"6":{"start":{"line":24,"column":12},"end":{"line":24,"column":25}},"7":{"start":{"line":26,"column":12},"end":{"line":26,"column":33}},"8":{"start":{"line":30,"column":4},"end":{"line":36,"column":11}},"9":{"start":{"line":31,"column":8},"end":{"line":31,"column":19}},"10":{"start":{"line":33,"column":8},"end":{"line":35,"column":10}},"11":{"start":{"line":34,"column":12},"end":{"line":34,"column":38}},"12":{"start":{"line":38,"column":4},"end":{"line":48,"column":6}},"13":{"start":{"line":51,"column":16},"end":{"line":57,"column":1}},"14":{"start":{"line":59,"column":18},"end":{"line":62,"column":1}}},"fnMap":{"0":{"name":"App","decl":{"start":{"line":10,"column":16},"end":{"line":10,"column":19}},"loc":{"start":{"line":10,"column":22},"end":{"line":49,"column":1}},"line":10},"1":{"name":"(anonymous_1)","decl":{"start":{"line":19,"column":21},"end":{"line":19,"column":22}},"loc":{"start":{"line":19,"column":33},"end":{"line":28,"column":5}},"line":19},"2":{"name":"(anonymous_2)","decl":{"start":{"line":30,"column":14},"end":{"line":30,"column":15}},"loc":{"start":{"line":30,"column":20},"end":{"line":36,"column":5}},"line":30},"3":{"name":"(anonymous_3)","decl":{"start":{"line":33,"column":15},"end":{"line":33,"column":16}},"loc":{"start":{"line":33,"column":21},"end":{"line":35,"column":9}},"line":33}},"branchMap":{"0":{"loc":{"start":{"line":22,"column":8},"end":{"line":27,"column":9}},"type":"if","locations":[{"start":{"line":22,"column":8},"end":{"line":27,"column":9}},{"start":{},"end":{}}],"line":22}},"s":{"0":1,"1":5,"2":5,"3":5,"4":4,"5":4,"6":2,"7":2,"8":5,"9":3,"10":3,"11":3,"12":5,"13":1,"14":1},"f":{"0":5,"1":4,"2":3,"3":3},"b":{"0":[2,2]},"_coverageSchema":"1a1c01bbd47fc00a2c39e90264f33305004495a9","hash":"0847d4fb7cc6bb59b5e9364c277f54ee51f5c67d"}
,"C:\\Users\\Visitante\\Documents\\dio_files\\Módulo IV - Front-end, Desenvolvimento Web com React\\Introdução aos React Hooks\\naruto-quotes-live\\src\\pages\\app\\index.js": {"path":"C:\\Users\\Visitante\\Documents\\dio_files\\Módulo IV - Front-end, Desenvolvimento Web com React\\Introdução aos React Hooks\\naruto-quotes-live\\src\\pages\\app\\index.js","statementMap":{},"fnMap":{},"branchMap":{},"s":{},"f":{},"b":{}}
,"C:\\Users\\Visitante\\Documents\\dio_files\\Módulo IV - Front-end, Desenvolvimento Web com React\\Introdução aos React Hooks\\naruto-quotes-live\\src\\services\\index.js": {"path":"C:\\Users\\Visitante\\Documents\\dio_files\\Módulo IV - Front-end, Desenvolvimento Web com React\\Introdução aos React Hooks\\naruto-quotes-live\\src\\services\\index.js","statementMap":{},"fnMap":{},"branchMap":{},"s":{},"f":{},"b":{},"_coverageSchema":"1a1c01bbd47fc00a2c39e90264f33305004495a9","hash":"7224555efef1e60edadd5e6e29e46df701330370"}
,"C:\\Users\\Visitante\\Documents\\dio_files\\Módulo IV - Front-end, Desenvolvimento Web com React\\Introdução aos React Hooks\\naruto-quotes-live\\src\\services\\quotesService\\index.js": {"path":"C:\\Users\\Visitante\\Documents\\dio_files\\Módulo IV - Front-end, Desenvolvimento Web com React\\Introdução aos React Hooks\\naruto-quotes-live\\src\\services\\quotesService\\index.js","statementMap":{},"fnMap":{},"branchMap":{},"s":{},"f":{},"b":{},"_coverageSchema":"1a1c01bbd47fc00a2c39e90264f33305004495a9","hash":"206de9a81bcfcf5ccfcc13f0d43fdaaf3d7db010"}
,"C:\\Users\\Visitante\\Documents\\dio_files\\Módulo IV - Front-end, Desenvolvimento Web com React\\Introdução aos React Hooks\\naruto-quotes-live\\src\\services\\quotesService\\quotesService.js": {"path":"C:\\Users\\Visitante\\Documents\\dio_files\\Módulo IV - Front-end, Desenvolvimento Web com React\\Introdução aos React Hooks\\naruto-quotes-live\\src\\services\\quotesService\\quotesService.js","statementMap":{"0":{"start":{"line":1,"column":24},"end":{"line":1,"column":98}},"1":{"start":{"line":1,"column":30},"end":{"line":1,"column":98}},"2":{"start":{"line":1,"column":82},"end":{"line":1,"column":97}}},"fnMap":{"0":{"name":"(anonymous_0)","decl":{"start":{"line":1,"column":24},"end":{"line":1,"column":25}},"loc":{"start":{"line":1,"column":30},"end":{"line":1,"column":98}},"line":1},"1":{"name":"(anonymous_1)","decl":{"start":{"line":1,"column":68},"end":{"line":1,"column":69}},"loc":{"start":{"line":1,"column":82},"end":{"line":1,"column":97}},"line":1}},"branchMap":{},"s":{"0":2,"1":5,"2":5},"f":{"0":5,"1":5},"b":{},"_coverageSchema":"1a1c01bbd47fc00a2c39e90264f33305004495a9","hash":"b34eb094c29676d70883b37f2027886b9703d9f7"}
}
